#
# There is insufficient memory for the Java Runtime Environment to continue.
# Native memory allocation (mmap) failed to map 536870912 bytes. Error detail: G1 virtual space
# Possible reasons:
#   The system is out of physical RAM or swap space
#   This process is running with CompressedOops enabled, and the Java Heap may be blocking the growth of the native heap
# Possible solutions:
#   Reduce memory load on the system
#   Increase physical memory or swap space
#   Check if swap backing store is full
#   Decrease Java heap size (-Xmx/-Xms)
#   Decrease number of Java threads
#   Decrease Java thread stack sizes (-Xss)
#   Set larger code cache with -XX:ReservedCodeCacheSize=
#   JVM is running with Zero Based Compressed Oops mode in which the Java heap is
#     placed in the first 32GB address space. The Java Heap base address is the
#     maximum limit for the native heap growth. Please use -XX:HeapBaseMinAddress
#     to set the Java Heap base and to place the Java Heap above 32GB virtual address.
# This output file may be truncated or incomplete.
#
#  Out of Memory Error (os_windows.cpp:3825), pid=29892, tid=30452
#
# JRE version:  (17.0.11) (build )
# Java VM: OpenJDK 64-Bit Server VM (17.0.11+0--11852314, mixed mode, sharing, tiered, compressed oops, compressed class ptrs, g1 gc, windows-amd64)
# No core dump will be written. Minidumps are not enabled by default on client versions of Windows
#

---------------  S U M M A R Y ------------

Command Line: git4idea.http.GitAskPassApp Username for 'https://github.com': 

Host: AMD Ryzen 5 5600X 6-Core Processor             , 12 cores, 31G,  Windows 11 , 64 bit Build 26100 (10.0.26100.3037)
Time: Wed Feb 19 00:20:07 2025 Mitteleuropäische Zeit elapsed time: 0.044797 seconds (0d 0h 0m 0s)

---------------  T H R E A D  ---------------

Current thread (0x00000292db94aa00):  JavaThread "Unknown thread" [_thread_in_vm, id=30452, stack(0x0000009aa0200000,0x0000009aa0300000)]

Stack: [0x0000009aa0200000,0x0000009aa0300000]
Native frames: (J=compiled Java code, j=interpreted, Vv=VM code, C=native code)
V  [jvm.dll+0x687bb9]
V  [jvm.dll+0x84142a]
V  [jvm.dll+0x8430ae]
V  [jvm.dll+0x843713]
V  [jvm.dll+0x24a35f]
V  [jvm.dll+0x684989]
V  [jvm.dll+0x67923a]
V  [jvm.dll+0x30af0b]
V  [jvm.dll+0x3123b6]
V  [jvm.dll+0x361dfe]
V  [jvm.dll+0x36202f]
V  [jvm.dll+0x2e0d38]
V  [jvm.dll+0x2e1ca4]
V  [jvm.dll+0x811f21]
V  [jvm.dll+0x36fb68]
V  [jvm.dll+0x7f0896]
V  [jvm.dll+0x3f3d2f]
V  [jvm.dll+0x3f58e1]
C  [jli.dll+0x528f]
C  [ucrtbase.dll+0x37b0]
C  [KERNEL32.DLL+0x2e8d7]
C  [ntdll.dll+0xbbf2c]


---------------  P R O C E S S  ---------------

Threads class SMR info:
_java_thread_list=0x00007ff9e155efd8, length=0, elements={
}

Java Threads: ( => current thread )

Other Threads:
  0x00000292db9f9960 GCTaskThread "GC Thread#0" [stack: 0x0000009aa0300000,0x0000009aa0400000] [id=31692]
  0x00000292db9fe630 ConcurrentGCThread "G1 Main Marker" [stack: 0x0000009aa0400000,0x0000009aa0500000] [id=25780]
  0x00000292f933d0b0 ConcurrentGCThread "G1 Conc#0" [stack: 0x0000009aa0500000,0x0000009aa0600000] [id=11800]

[error occurred during error reporting (printing all threads), id 0xc0000005, EXCEPTION_ACCESS_VIOLATION (0xc0000005) at pc=0x00007ff9e0d11907]

VM state: not at safepoint (not fully initialized)

VM Mutex/Monitor currently owned by a thread:  ([mutex/lock_event])
[0x00000292db9462f0] Heap_lock - owner thread: 0x00000292db94aa00

Heap address: 0x0000000601000000, size: 8176 MB, Compressed Oops mode: Zero based, Oop shift amount: 3

CDS archive(s) mapped at: [0x0000000000000000-0x0000000000000000-0x0000000000000000), size 0, SharedBaseAddress: 0x0000000800000000, ArchiveRelocationMode: 1.
Narrow klass base: 0x0000000000000000, Narrow klass shift: 0, Narrow klass range: 0x0

GC Precious Log:
<Empty>

Heap:
 garbage-first heap   total 0K, used 0K [0x0000000601000000, 0x0000000800000000)
  region size 4096K, 0 young (0K), 0 survivors (0K)
 Metaspace       used 0K, committed 0K, reserved 0K
  class space    used 0K, committed 0K, reserved 0K

Heap Regions: E=young(eden), S=young(survivor), O=old, HS=humongous(starts), HC=humongous(continues), CS=collection set, F=free, OA=open archive, CA=closed archive, TAMS=top-at-mark-start (previous, next)

Card table byte_map: [0x00000292ef370000,0x00000292f0370000] _byte_map_base: 0x00000292ec368000

Marking Bits (Prev, Next): (CMBitMap*) 0x00000292db9f9f80, (CMBitMap*) 0x00000292db9f9fc0
 Prev Bits: [0x00000292f1370000, 0x00000292f9330000)
 Next Bits: [0x0000029280000000, 0x0000029287fc0000)

GC Heap History (0 events):
No events

Dll operation events (1 events):
Event: 0.021 Loaded shared library C:\Program Files\Android\Android Studio\jbr\bin\java.dll

Deoptimization events (0 events):
No events

Classes unloaded (0 events):
No events

Classes redefined (0 events):
No events

Internal exceptions (0 events):
No events

VM Operations (0 events):
No events

Events (0 events):
No events


Dynamic libraries:
0x00007ff6f1060000 - 0x00007ff6f106a000 	C:\Program Files\Android\Android Studio\jbr\bin\java.exe
0x00007ffae1200000 - 0x00007ffae1463000 	C:\WINDOWS\SYSTEM32\ntdll.dll
0x00007ffadf370000 - 0x00007ffadf437000 	C:\WINDOWS\System32\KERNEL32.DLL
0x00007ffade5a0000 - 0x00007ffade967000 	C:\WINDOWS\System32\KERNELBASE.dll
0x00007ffade970000 - 0x00007ffadeabc000 	C:\WINDOWS\System32\ucrtbase.dll
0x00007ffac0440000 - 0x00007ffac0457000 	C:\Program Files\Android\Android Studio\jbr\bin\jli.dll
0x00007ffac7be0000 - 0x00007ffac7bfb000 	C:\Program Files\Android\Android Studio\jbr\bin\VCRUNTIME140.dll
0x00007ffadf070000 - 0x00007ffadf239000 	C:\WINDOWS\System32\USER32.dll
0x00007ffadef60000 - 0x00007ffadef87000 	C:\WINDOWS\System32\win32u.dll
0x00007ffac1400000 - 0x00007ffac1690000 	C:\WINDOWS\WinSxS\amd64_microsoft.windows.common-controls_6595b64144ccf1df_6.0.26100.3037_none_3e09262ce333c378\COMCTL32.dll
0x00007ffadf5c0000 - 0x00007ffadf5ea000 	C:\WINDOWS\System32\GDI32.dll
0x00007ffadfa10000 - 0x00007ffadfab9000 	C:\WINDOWS\System32\msvcrt.dll
0x00007ffadeb50000 - 0x00007ffadec7b000 	C:\WINDOWS\System32\gdi32full.dll
0x00007ffadef90000 - 0x00007ffadf033000 	C:\WINDOWS\System32\msvcp_win.dll
0x00007ffadf240000 - 0x00007ffadf26f000 	C:\WINDOWS\System32\IMM32.DLL
0x00007ffad2b90000 - 0x00007ffad2b9c000 	C:\Program Files\Android\Android Studio\jbr\bin\vcruntime140_1.dll
0x00007ffa81fe0000 - 0x00007ffa8206d000 	C:\Program Files\Android\Android Studio\jbr\bin\msvcp140.dll
0x00007ff9e0a20000 - 0x00007ff9e16a3000 	C:\Program Files\Android\Android Studio\jbr\bin\server\jvm.dll
0x00007ffae0ba0000 - 0x00007ffae0c54000 	C:\WINDOWS\System32\ADVAPI32.dll
0x00007ffae0c70000 - 0x00007ffae0d16000 	C:\WINDOWS\System32\sechost.dll
0x00007ffadf440000 - 0x00007ffadf556000 	C:\WINDOWS\System32\RPCRT4.dll
0x00007ffadde70000 - 0x00007ffaddebe000 	C:\WINDOWS\SYSTEM32\POWRPROF.dll
0x00007ffad2bc0000 - 0x00007ffad2bca000 	C:\WINDOWS\SYSTEM32\WSOCK32.dll
0x00007ffae0260000 - 0x00007ffae02d4000 	C:\WINDOWS\System32\WS2_32.dll
0x00007ffad3910000 - 0x00007ffad3946000 	C:\WINDOWS\SYSTEM32\WINMM.dll
0x00007ffaca840000 - 0x00007ffaca84b000 	C:\WINDOWS\SYSTEM32\VERSION.dll
0x00007ffadde50000 - 0x00007ffadde64000 	C:\WINDOWS\SYSTEM32\UMPDC.dll
0x00007ffadd3b0000 - 0x00007ffadd3ca000 	C:\WINDOWS\SYSTEM32\kernel.appcore.dll
0x00007ffacfc10000 - 0x00007ffacfc1a000 	C:\Program Files\Android\Android Studio\jbr\bin\jimage.dll
0x00007ffad1370000 - 0x00007ffad15b1000 	C:\WINDOWS\SYSTEM32\DBGHELP.DLL
0x00007ffadf5f0000 - 0x00007ffadf96e000 	C:\WINDOWS\System32\combase.dll
0x00007ffadf280000 - 0x00007ffadf356000 	C:\WINDOWS\System32\OLEAUT32.dll
0x00007ffac9a00000 - 0x00007ffac9a39000 	C:\WINDOWS\SYSTEM32\dbgcore.DLL
0x00007ffadec80000 - 0x00007ffaded19000 	C:\WINDOWS\System32\bcryptPrimitives.dll
0x00007ffac04c0000 - 0x00007ffac04e5000 	C:\Program Files\Android\Android Studio\jbr\bin\java.dll

dbghelp: loaded successfully - version: 4.0.5 - missing functions: none
symbol engine: initialized successfully - sym options: 0x614 - pdb path: .;C:\Program Files\Android\Android Studio\jbr\bin;C:\WINDOWS\SYSTEM32;C:\WINDOWS\WinSxS\amd64_microsoft.windows.common-controls_6595b64144ccf1df_6.0.26100.3037_none_3e09262ce333c378;C:\Program Files\Android\Android Studio\jbr\bin\server

VM Arguments:
java_command: git4idea.http.GitAskPassApp Username for 'https://github.com': 
java_class_path (initial): C:/Program Files/Android/Android Studio/plugins/vcs-git/lib/git4idea-rt.jar;C:/Program Files/Android/Android Studio/lib/externalProcess-rt.jar
Launcher Type: SUN_STANDARD

[Global flags]
     intx CICompilerCount                          = 4                                         {product} {ergonomic}
     uint ConcGCThreads                            = 3                                         {product} {ergonomic}
     uint G1ConcRefinementThreads                  = 10                                        {product} {ergonomic}
   size_t G1HeapRegionSize                         = 4194304                                   {product} {ergonomic}
    uintx GCDrainStackTargetSize                   = 64                                        {product} {ergonomic}
   size_t InitialHeapSize                          = 536870912                                 {product} {ergonomic}
   size_t MarkStackSize                            = 4194304                                   {product} {ergonomic}
   size_t MaxHeapSize                              = 8573157376                                {product} {ergonomic}
   size_t MinHeapDeltaBytes                        = 4194304                                   {product} {ergonomic}
   size_t MinHeapSize                              = 8388608                                   {product} {ergonomic}
    uintx NonNMethodCodeHeapSize                   = 5839372                                {pd product} {ergonomic}
    uintx NonProfiledCodeHeapSize                  = 122909434                              {pd product} {ergonomic}
    uintx ProfiledCodeHeapSize                     = 122909434                              {pd product} {ergonomic}
    uintx ReservedCodeCacheSize                    = 251658240                              {pd product} {ergonomic}
     bool SegmentedCodeCache                       = true                                      {product} {ergonomic}
   size_t SoftMaxHeapSize                          = 8573157376                             {manageable} {ergonomic}
     bool UseCompressedClassPointers               = true                           {product lp64_product} {ergonomic}
     bool UseCompressedOops                        = true                           {product lp64_product} {ergonomic}
     bool UseG1GC                                  = true                                      {product} {ergonomic}
     bool UseLargePagesIndividualAllocation        = false                                  {pd product} {ergonomic}

Logging:
Log output configuration:
 #0: stdout all=warning uptime,level,tags
 #1: stderr all=off uptime,level,tags

Environment Variables:
PATH=C:\Program Files\Git\mingw64\libexec\git-core;C:\Program Files\Git\mingw64\libexec\git-core;C:\Program Files\Git\mingw64\bin;C:\Program Files\Git\usr\bin;C:\Users\josef\bin;C:\WINDOWS\system32;C:\WINDOWS;C:\WINDOWS\System32\Wbem;C:\WINDOWS\System32\WindowsPowerShell\v1.0;C:\WINDOWS\System32\OpenSSH;C:\Program Files\dotnet;C:\Program Files\MATLAB\R2024b\runtime\win64;C:\Program Files\MATLAB\R2024b\bin;C:\Program Files\Git\cmd;C:\Program Files\nodejs;C:\Program Files\MySQL\MySQL Server 8.0\bin;C:\Program Files\MySQL\MySQL Shell 8.0\bin;C:\Users\josef\AppData\Local\Microsoft\WindowsApps;C:\Users\josef\AppData\Local\Muse Hub\lib;C:\Users\josef\AppData\Local\Programs\Microsoft VS Code\bin;C:\Users\josef\AppData\Roaming\npm;C:\Program Files\heroku\bin;C:\sox-14.2.0;C:\lame_3.100\x64;C:\ffmpeg-2025-01-15-git-4f3c9f2f03-full_build\bin
USERNAME=josef
DISPLAY=:0.0
LC_ALL=en_US.UTF-8
TERM=xterm-256color
TMPDIR=C:\Users\josef\AppData\Local\Temp
OS=Windows_NT
PROCESSOR_IDENTIFIER=AMD64 Family 25 Model 33 Stepping 2, AuthenticAMD
TMP=C:\Users\josef\AppData\Local\Temp
TEMP=C:\Users\josef\AppData\Local\Temp



Periodic native trim disabled

JNI global refs:
JNI global refs: 0, weak refs: 0

JNI global refs memory usage: 0, weak refs: 0

Process memory usage:
Resident Set Size: 13036K (0% of 33478212K total physical memory with 4865772K free physical memory)

OOME stack traces (most recent first):
Classloader memory used:


---------------  S Y S T E M  ---------------

OS:
 Windows 11 , 64 bit Build 26100 (10.0.26100.3037)
OS uptime: 4 days 20:40 hours
Hyper-V role detected

CPU: total 12 (initial active 12) (12 cores per cpu, 2 threads per core) family 25 model 33 stepping 2 microcode 0xa20120a, cx8, cmov, fxsr, ht, mmx, 3dnowpref, sse, sse2, sse3, ssse3, sse4a, sse4.1, sse4.2, popcnt, lzcnt, tsc, tscinvbit, avx, avx2, aes, erms, clmul, bmi1, bmi2, adx, sha, fma, vzeroupper, clflush, clflushopt, hv
Processor Information for all 12 processors :
  Max Mhz: 3701, Current Mhz: 3701, Mhz Limit: 3701

Memory: 4k page, system-wide physical 32693M (4751M free)
TotalPageFile size 50108M (AvailPageFile size 143M)
current process WorkingSet (physical memory assigned to process): 12M, peak: 12M
current process commit charge ("private bytes"): 64M, peak: 576M

vm_info: OpenJDK 64-Bit Server VM (17.0.11+0--11852314) for windows-amd64 JRE (17.0.11+0--11852314), built on May 16 2024 21:29:20 by "androidbuild" with MS VC++ 16.10 / 16.11 (VS2019)

END.
